[33m[nodemon] 3.1.9[39m
[33m[nodemon] to restart at any time, enter `rs`[39m
[33m[nodemon] watching path(s): *.*[39m
[33m[nodemon] watching extensions: js,mjs,cjs,json[39m
[32m[nodemon] starting `node index.js`[39m
node:internal/modules/cjs/loader:1404
  throw err;
  ^

Error: Cannot find module '../Models/UserSchema'
Require stack:
- /app/code/Backend/routes/IIMPredictor.js
- /app/code/Backend/index.js
    at Function._resolveFilename (node:internal/modules/cjs/loader:1401:15)
    at defaultResolveImpl (node:internal/modules/cjs/loader:1057:19)
    at resolveForCJSWithHooks (node:internal/modules/cjs/loader:1062:22)
    at Function._load (node:internal/modules/cjs/loader:1211:37)
    at TracingChannel.traceSync (node:diagnostics_channel:322:14)
    at wrapModuleLoad (node:internal/modules/cjs/loader:235:24)
    at Module.require (node:internal/modules/cjs/loader:1487:12)
    at require (node:internal/modules/helpers:135:16)
    at Object.<anonymous> (/app/code/Backend/routes/IIMPredictor.js:3:12)
    at Module._compile (node:internal/modules/cjs/loader:1730:14) {
  code: 'MODULE_NOT_FOUND',
  requireStack: [
    '/app/code/Backend/routes/IIMPredictor.js',
    '/app/code/Backend/index.js'
  ]
}

Node.js v22.16.0
[31m[nodemon] app crashed - waiting for file changes before starting...[39m
[32m[nodemon] restarting due to changes...[39m
[32m[nodemon] starting `node index.js`[39m
✅ authMiddleware: function
✅ checkPermission: function
🚀 Server running on port 5000
❌ MongoDB Connection Error: MongooseError: The `uri` parameter to `openUri()` must be a string, got "undefined". Make sure the first parameter to `mongoose.connect()` or `mongoose.createConnection()` is a string.
    at NativeConnection.createClient (/app/code/Backend/node_modules/mongoose/lib/drivers/node-mongodb-native/connection.js:225:11)
    at NativeConnection.openUri (/app/code/Backend/node_modules/mongoose/lib/connection.js:1016:34)
    at Mongoose.connect (/app/code/Backend/node_modules/mongoose/lib/mongoose.js:446:15)
    at Connection (/app/code/Backend/dbConnection.js:6:20)
    at Object.<anonymous> (/app/code/Backend/index.js:17:1)
    at Module._compile (node:internal/modules/cjs/loader:1730:14)
    at Object..js (node:internal/modules/cjs/loader:1895:10)
    at Module.load (node:internal/modules/cjs/loader:1465:32)
    at Function._load (node:internal/modules/cjs/loader:1282:12)
    at TracingChannel.traceSync (node:diagnostics_channel:322:14)
[31m[nodemon] app crashed - waiting for file changes before starting...[39m
